d:\personal-projects\mytest\cs131\lecture1\x64\release\moc_mainwindow.obj
d:\personal-projects\mytest\cs131\lecture1\x64\release\main.obj
d:\personal-projects\mytest\cs131\lecture1\x64\release\mainwindow.obj
d:\personal-projects\mytest\cs131\lecture1\release\moc_predefs.h
d:\personal-projects\mytest\cs131\lecture1\ui_mainwindow.h
d:\personal-projects\mytest\cs131\lecture1\release\moc_mainwindow.cpp
d:\personal-projects\mytest\cs131\lecture1\release\lecture1.exe
d:\personal-projects\mytest\cs131\lecture1\x64\release\lecture1.tlog\cl.command.1.tlog
d:\personal-projects\mytest\cs131\lecture1\x64\release\lecture1.tlog\cl.read.1.tlog
d:\personal-projects\mytest\cs131\lecture1\x64\release\lecture1.tlog\cl.write.1.tlog
d:\personal-projects\mytest\cs131\lecture1\x64\release\lecture1.tlog\custombuild.command.1.tlog
d:\personal-projects\mytest\cs131\lecture1\x64\release\lecture1.tlog\custombuild.read.1.tlog
d:\personal-projects\mytest\cs131\lecture1\x64\release\lecture1.tlog\custombuild.write.1.tlog
d:\personal-projects\mytest\cs131\lecture1\x64\release\lecture1.tlog\lecture1.write.1u.tlog
d:\personal-projects\mytest\cs131\lecture1\x64\release\lecture1.tlog\link.command.1.tlog
d:\personal-projects\mytest\cs131\lecture1\x64\release\lecture1.tlog\link.read.1.tlog
d:\personal-projects\mytest\cs131\lecture1\x64\release\lecture1.tlog\link.write.1.tlog
d:\personal-projects\mytest\cs131\lecture1\x64\release\lecture1.tlog\moc.read.1u.tlog
d:\personal-projects\mytest\cs131\lecture1\x64\release\lecture1.tlog\moc.write.1u.tlog
d:\personal-projects\mytest\cs131\lecture1\x64\release\lecture1.tlog\uic.read.1u.tlog
d:\personal-projects\mytest\cs131\lecture1\x64\release\lecture1.tlog\uic.write.1u.tlog
